#
# There is insufficient memory for the Java Runtime Environment to continue.
# Native memory allocation (malloc) failed to allocate 1048576 bytes for AllocateHeap
# Possible reasons:
#   The system is out of physical RAM or swap space
#   In 32 bit mode, the process size limit was hit
# Possible solutions:
#   Reduce memory load on the system
#   Increase physical memory or swap space
#   Check if swap backing store is full
#   Use 64 bit Java on a 64 bit OS
#   Decrease Java heap size (-Xmx/-Xms)
#   Decrease number of Java threads
#   Decrease Java thread stack sizes (-Xss)
#   Set larger code cache with -XX:ReservedCodeCacheSize=
# This output file may be truncated or incomplete.
#
#  Out of Memory Error (memory/allocation.inline.hpp:61), pid=9796, tid=0x000000000000473c
#
# JRE version:  (8.0_162-b12) (build )
# Java VM: Java HotSpot(TM) 64-Bit Server VM (25.162-b12 mixed mode windows-amd64 compressed oops)
# Failed to write core dump. Minidumps are not enabled by default on client versions of Windows
#

---------------  T H R E A D  ---------------

Current thread (0x0000000002d8e000):  JavaThread "Unknown thread" [_thread_in_vm, id=18236, stack(0x0000000002d90000,0x0000000002e90000)]

Stack: [0x0000000002d90000,0x0000000002e90000]
[error occurred during error reporting (printing stack bounds), id 0xc0000005]

Native frames: (J=compiled Java code, j=interpreted, Vv=VM code, C=native code)


---------------  P R O C E S S  ---------------

Java Threads: ( => current thread )

Other Threads:

=>0x0000000002d8e000 (exited) JavaThread "Unknown thread" [_thread_in_vm, id=18236, stack(0x0000000002d90000,0x0000000002e90000)]

VM state:not at safepoint (normal execution)

VM Mutex/Monitor currently owned by a thread: None

Heap:
 PSYoungGen      total 38400K, used 665K [0x00000000d5580000, 0x00000000d8000000, 0x0000000100000000)
  eden space 33280K, 2% used [0x00000000d5580000,0x00000000d5626670,0x00000000d7600000)
  from space 5120K, 0% used [0x00000000d7b00000,0x00000000d7b00000,0x00000000d8000000)
  to   space 5120K, 0% used [0x00000000d7600000,0x00000000d7600000,0x00000000d7b00000)
 ParOldGen       total 87552K, used 0K [0x0000000080000000, 0x0000000085580000, 0x00000000d5580000)
  object space 87552K, 0% used [0x0000000080000000,0x0000000080000000,0x0000000085580000)
 Metaspace       used 770K, capacity 4480K, committed 4480K, reserved 1056768K
  class space    used 75K, capacity 384K, committed 384K, reserved 1048576K

Card table byte_map: [0x0000000012350000,0x0000000012760000] byte_map_base: 0x0000000011f50000

Marking Bits: (ParMarkBitMap*) 0x000000006a7c0860
 Begin Bits: [0x0000000012e10000, 0x0000000014e10000)
 End Bits:   [0x0000000014e10000, 0x0000000016e10000)

Polling page: 0x00000000007f0000

CodeCache: size=245760Kb used=328Kb max_used=328Kb free=245431Kb
 bounds [0x0000000002f90000, 0x0000000003200000, 0x0000000011f90000]
 total_blobs=58 nmethods=0 adapters=38
 compilation: enabled

Compilation events (0 events):
No events

GC Heap History (0 events):
No events

Deoptimization events (0 events):
No events

Classes redefined (0 events):
No events

Internal exceptions (0 events):
No events

Events (10 events):
Event: 0.046 loading class java/lang/Short
Event: 0.046 loading class java/lang/Short done
Event: 0.046 loading class java/lang/Integer
Event: 0.046 loading class java/lang/Integer done
Event: 0.046 loading class java/lang/Long
Event: 0.046 loading class java/lang/Long done
Event: 0.047 loading class java/lang/NullPointerException
Event: 0.048 loading class java/lang/NullPointerException done
Event: 0.048 loading class java/lang/ArithmeticException
Event: 0.048 loading class java/lang/ArithmeticException done


Dynamic libraries:
0x00007ff78f950000 - 0x00007ff78f987000 	C:\Program Files\Java\jdk1.8.0_162\bin\java.exe
0x00007fff34ef0000 - 0x00007fff350dd000 	C:\WINDOWS\SYSTEM32\ntdll.dll
0x00007fff334a0000 - 0x00007fff33553000 	C:\WINDOWS\System32\KERNEL32.DLL
0x00007fff31720000 - 0x00007fff319b3000 	C:\WINDOWS\System32\KERNELBASE.dll
0x000000006bbd0000 - 0x000000006bc63000 	C:\WINDOWS\System32\SYSFER.DLL
0x00007fff32920000 - 0x00007fff329c3000 	C:\WINDOWS\System32\ADVAPI32.dll
0x00007fff32c20000 - 0x00007fff32cbe000 	C:\WINDOWS\System32\msvcrt.dll
0x00007fff32880000 - 0x00007fff3291e000 	C:\WINDOWS\System32\sechost.dll
0x00007fff34d30000 - 0x00007fff34e52000 	C:\WINDOWS\System32\RPCRT4.dll
0x00007fff332f0000 - 0x00007fff33487000 	C:\WINDOWS\System32\USER32.dll
0x00007fff31700000 - 0x00007fff31720000 	C:\WINDOWS\System32\win32u.dll
0x00007fff32e10000 - 0x00007fff32e39000 	C:\WINDOWS\System32\GDI32.dll
0x00007fff31d00000 - 0x00007fff31e99000 	C:\WINDOWS\System32\gdi32full.dll
0x00007fff31fc0000 - 0x00007fff32060000 	C:\WINDOWS\System32\msvcp_win.dll
0x00007fff31ea0000 - 0x00007fff31f9a000 	C:\WINDOWS\System32\ucrtbase.dll
0x00007fff2fb50000 - 0x00007fff2fdc9000 	C:\WINDOWS\WinSxS\amd64_microsoft.windows.common-controls_6595b64144ccf1df_6.0.17763.737_none_05b6437c071e554b\COMCTL32.dll
0x00007fff32fc0000 - 0x00007fff332ec000 	C:\WINDOWS\System32\combase.dll
0x00007fff32060000 - 0x00007fff320de000 	C:\WINDOWS\System32\bcryptPrimitives.dll
0x00007fff32850000 - 0x00007fff3287e000 	C:\WINDOWS\System32\IMM32.DLL
0x00007fff20dc0000 - 0x00007fff20dcc000 	C:\WINDOWS\KATRK64.DLL
0x00007fff2f930000 - 0x00007fff2f943000 	C:\WINDOWS\SYSTEM32\WTSAPI32.dll
0x000000006b270000 - 0x000000006b341000 	C:\Program Files\Java\jdk1.8.0_162\jre\bin\msvcr100.dll
0x0000000069fa0000 - 0x000000006a840000 	C:\Program Files\Java\jdk1.8.0_162\jre\bin\server\jvm.dll
0x00007fff32c10000 - 0x00007fff32c18000 	C:\WINDOWS\System32\PSAPI.DLL
0x00007fff202f0000 - 0x00007fff202f9000 	C:\WINDOWS\SYSTEM32\WSOCK32.dll
0x00007fff32e40000 - 0x00007fff32ead000 	C:\WINDOWS\System32\WS2_32.dll
0x00007fff2e5b0000 - 0x00007fff2e5d4000 	C:\WINDOWS\SYSTEM32\WINMM.dll
0x00007fff24cc0000 - 0x00007fff24cca000 	C:\WINDOWS\SYSTEM32\VERSION.dll
0x00007fff2e580000 - 0x00007fff2e5ad000 	C:\WINDOWS\SYSTEM32\WINMMBASE.dll
0x00007fff319c0000 - 0x00007fff31a0a000 	C:\WINDOWS\System32\cfgmgr32.dll
0x000000006ba00000 - 0x000000006ba0f000 	C:\Program Files\Java\jdk1.8.0_162\jre\bin\verify.dll
0x000000006b240000 - 0x000000006b269000 	C:\Program Files\Java\jdk1.8.0_162\jre\bin\java.dll
0x000000006b220000 - 0x000000006b236000 	C:\Program Files\Java\jdk1.8.0_162\jre\bin\zip.dll

VM Arguments:
jvm_args: -Xmx2048M -Dfile.encoding=UTF8 
java_command: C:\Program Files\Unity\Editor\Data\PlaybackEngines\AndroidPlayer/Tools\sdktools.jar -
java_class_path (initial): C:\Program Files\Unity\Editor\Data\PlaybackEngines\AndroidPlayer/Tools\sdktools.jar
Launcher Type: SUN_STANDARD

Environment Variables:
PATH=C:\Program Files (x86)\Common Files\Intel\Shared Libraries\redist\intel64\compiler;C:\Program Files (x86)\Common Files\Oracle\Java\javapath;C:\ProgramData\Oracle\Java\javapath;C:\WINDOWS\system32;C:\WINDOWS;C:\WINDOWS\System32\Wbem;C:\WINDOWS\System32\WindowsPowerShell\v1.0\;C:\WINDOWS\System32\WindowsPowerShell\v1.0\;C:\Windows\CCM;C:\Program Files (x86)\Sennheiser\SoftphoneSDK\;C:\Strawberry\c\bin;C:\Strawberry\perl\site\bin;C:\Strawberry\perl\bin;C:\Program Files\nodejs\;C:\Program Files (x86)\Calibre2\;C:\WINDOWS\System32\OpenSSH\;C:\Program Files\PuTTY\;C:\Ruby25-x64\bin;C:\Users\itms2\AppData\Local\Microsoft\WindowsApps;C:\Users\itms2\AppData\Roaming\npm;
USERNAME=itms2
OS=Windows_NT
PROCESSOR_IDENTIFIER=Intel64 Family 6 Model 78 Stepping 3, GenuineIntel



---------------  S Y S T E M  ---------------

OS: Windows 10.0 , 64 bit Build 17763 (10.0.17763.475)

CPU:total 4 (initial active 4) (2 cores per cpu, 2 threads per core) family 6 model 78 stepping 3, cmov, cx8, fxsr, mmx, sse, sse2, sse3, ssse3, sse4.1, sse4.2, popcnt, avx, avx2, aes, clmul, erms, 3dnowpref, lzcnt, ht, tsc, tscinvbit, bmi1, bmi2, adx

Memory: 4k page, physical 8308252k(326800k free), swap 18794012k(5924k free)

vm_info: Java HotSpot(TM) 64-Bit Server VM (25.162-b12) for windows-amd64 JRE (1.8.0_162-b12), built on Dec 19 2017 20:00:03 by "java_re" with MS VC++ 10.0 (VS2010)

time: Thu Oct 24 16:36:50 2019
elapsed time: 0 seconds (0d 0h 0m 0s)

